<?xml version="1.0" encoding="UTF-8"?>
<!-- Generated by org.testng.reporters.JUnitXMLReporter -->
<testsuite hostname="DESKTOP-NAVEEN" ignored="4" name="Default test" tests="1" failures="0" timestamp="02 Sep 2022 06:41:35 GMT" time="2.303" errors="0">
  <testcase name="createAnEmployeeBDD" time="2.287" classname="com.ems.bdd_style.Static_GetAllEmployees"/>
  <testcase name="getAllEmployees" time="0.0" classname="com.ems.bdd_style.Static_GetAllEmployees">
    <ignored/>
  </testcase> <!-- getAllEmployees -->
  <testcase name="updateAnEmployee" time="0.0" classname="com.ems.bdd_style.Static_GetAllEmployees">
    <ignored/>
  </testcase> <!-- updateAnEmployee -->
  <testcase name="deleteAlnEmployees" time="0.0" classname="com.ems.bdd_style.Static_GetAllEmployees">
    <ignored/>
  </testcase> <!-- deleteAlnEmployees -->
  <testcase name="createEmployeeFromJson" time="0.0" classname="com.ems.bdd_style.Static_GetAllEmployees">
    <ignored/>
  </testcase> <!-- createEmployeeFromJson -->
</testsuite> <!-- Default test -->
