<?xml version="1.0" encoding="UTF-8"?>
<!-- Generated by org.testng.reporters.JUnitXMLReporter -->
<testsuite hostname="DESKTOP-NAVEEN" ignored="2" name="Default test" tests="1" failures="0" timestamp="01 Sep 2022 06:20:44 GMT" time="1.262" errors="0">
  <testcase name="Employee1" time="1.248" classname="org.com.All"/>
  <testcase name="Employee2" time="0.0" classname="org.com.All">
    <ignored/>
  </testcase> <!-- Employee2 -->
  <testcase name="Employee" time="0.0" classname="org.com.All">
    <ignored/>
  </testcase> <!-- Employee -->
</testsuite> <!-- Default test -->
