<?xml version="1.0" encoding="UTF-8"?>
<testng-results skipped="0" failed="0" ignored="0" total="1" passed="1">
  <reporter-output>
  </reporter-output>
  <suite name="Default suite" duration-ms="6253" started-at="2022-09-03T12:56:16Z" finished-at="2022-09-03T12:56:22Z">
    <groups>
    </groups>
    <test name="Default test" duration-ms="6253" started-at="2022-09-03T12:56:16Z" finished-at="2022-09-03T12:56:22Z">
      <class name="com.ems.bdd_style.GetAllEmployees">
        <test-method status="PASS" signature="getAllEmployees()[pri:0, instance:com.ems.bdd_style.GetAllEmployees@71423665]" name="getAllEmployees" duration-ms="6239" started-at="2022-09-03T18:26:16Z" finished-at="2022-09-03T18:26:22Z">
          <reporter-output>
          </reporter-output>
        </test-method> <!-- getAllEmployees -->
      </class> <!-- com.ems.bdd_style.GetAllEmployees -->
    </test> <!-- Default test -->
  </suite> <!-- Default suite -->
</testng-results>
