<?xml version="1.0" encoding="UTF-8"?>
<testng-results skipped="0" failed="0" ignored="4" total="5" passed="1">
  <reporter-output>
  </reporter-output>
  <suite name="Default suite" duration-ms="2303" started-at="2022-09-02T06:41:33Z" finished-at="2022-09-02T06:41:35Z">
    <groups>
    </groups>
    <test name="Default test" duration-ms="2303" started-at="2022-09-02T06:41:33Z" finished-at="2022-09-02T06:41:35Z">
      <class name="com.ems.bdd_style.Static_GetAllEmployees">
        <test-method status="PASS" signature="createAnEmployeeBDD()[pri:0, instance:com.ems.bdd_style.Static_GetAllEmployees@192b07fd]" name="createAnEmployeeBDD" duration-ms="2287" started-at="2022-09-02T12:11:33Z" finished-at="2022-09-02T12:11:35Z">
          <reporter-output>
          </reporter-output>
        </test-method> <!-- createAnEmployeeBDD -->
      </class> <!-- com.ems.bdd_style.Static_GetAllEmployees -->
    </test> <!-- Default test -->
  </suite> <!-- Default suite -->
</testng-results>
